<?xml version="1.0" encoding="UTF-8" ?>
<testsuites disabled="0" errors="0" failures="2" tests="22" time="87.211">
 <testsuite name="Navigate to Task and Create FT(Single &amp; Text &amp; AnyValue)" timestamp="2020-02-24T17:44:27" hostname="localhost" time="36.125" errors="0" tests="6" skipped="0" disabled="0" failures="0">
  <testcase classname="Navigate to Task and Create FT(Single &amp; Text &amp; AnyValue)" name="should Click on Task Tab" time="23.853" />
  <testcase classname="Navigate to Task and Create FT(Single &amp; Text &amp; AnyValue)" name="should Select a task from list of tasks" time="0.825" />
  <testcase classname="Navigate to Task and Create FT(Single &amp; Text &amp; AnyValue)" name="should Select Fact type tab from tasks" time="0.79" />
  <testcase classname="Navigate to Task and Create FT(Single &amp; Text &amp; AnyValue)" name="should Click on Create new FT Button " time="1.262" />
  <testcase classname="Navigate to Task and Create FT(Single &amp; Text &amp; AnyValue)" name="should Enter FT name in text area" time="5.832" />
  <testcase classname="Navigate to Task and Create FT(Single &amp; Text &amp; AnyValue)" name="should Click on Ok Button" time="3.559" />
 </testsuite>
 <testsuite name="Create FT(Multiple &amp; Text &amp; AnyValue)" timestamp="2020-02-24T17:45:03" hostname="localhost" time="30.79" errors="0" tests="4" skipped="0" disabled="0" failures="1">
  <testcase classname="Create FT(Multiple &amp; Text &amp; AnyValue)" name="should Click on Create new FT Button " time="1.505">
   <failure type="exception" message="Failed: element click intercepted: Element &lt;button _ngcontent-c22=&quot;&quot; class=&quot;task-facts__create-button&quot; ng-reflect-permissions=&quot;FT_WRITE&quot; ng-reflect-permissions-check-strategy=&quot;all&quot; ng-reflect-disabled=&quot;false&quot;&gt;...&lt;/button&gt; is not clickable at point (275, 135). Other element would receive the click: &lt;form _ngcontent-c27=&quot;&quot; novalidate=&quot;novalidate&quot; class=&quot;ng-dirty ng-invalid ng-touched&quot;&gt;...&lt;/form&gt;
  (Session info: chrome=80.0.3987.87)
  (Driver info: chromedriver=80.0.3987.16 (320f6526c1632ad4f205ebce69b99a062ed78647-refs/branch-heads/3987@{#185}),platform=Windows NT 10.0.17763 x86_64)"><![CDATA[WebDriverError: element click intercepted: Element <button _ngcontent-c22="" class="task-facts__create-button" ng-reflect-permissions="FT_WRITE" ng-reflect-permissions-check-strategy="all" ng-reflect-disabled="false">...</button> is not clickable at point (275, 135). Other element would receive the click: <form _ngcontent-c27="" novalidate="novalidate" class="ng-dirty ng-invalid ng-touched">...</form>
  (Session info: chrome=80.0.3987.87)
  (Driver info: chromedriver=80.0.3987.16 (320f6526c1632ad4f205ebce69b99a062ed78647-refs/branch-heads/3987@{#185}),platform=Windows NT 10.0.17763 x86_64)
    at Object.checkLegacyResponse (C:\Users\sumant.pattanshetti\AppData\Roaming\npm\node_modules\protractor\node_modules\selenium-webdriver\lib\error.js:546:15)
    at parseHttpResponse (C:\Users\sumant.pattanshetti\AppData\Roaming\npm\node_modules\protractor\node_modules\selenium-webdriver\lib\http.js:509:13)
    at C:\Users\sumant.pattanshetti\AppData\Roaming\npm\node_modules\protractor\node_modules\selenium-webdriver\lib\http.js:441:30
    at processTicksAndRejections (internal/process/task_queues.js:97:5)
From: Task: WebElement.click()
    at Driver.schedule (C:\Users\sumant.pattanshetti\AppData\Roaming\npm\node_modules\protractor\node_modules\selenium-webdriver\lib\webdriver.js:807:17)
    at WebElement.schedule_ (C:\Users\sumant.pattanshetti\AppData\Roaming\npm\node_modules\protractor\node_modules\selenium-webdriver\lib\webdriver.js:2010:25)
    at WebElement.click (C:\Users\sumant.pattanshetti\AppData\Roaming\npm\node_modules\protractor\node_modules\selenium-webdriver\lib\webdriver.js:2092:17)
    at actionFn (C:\Users\sumant.pattanshetti\AppData\Roaming\npm\node_modules\protractor\built\element.js:89:44)
    at Array.map (<anonymous>)
    at C:\Users\sumant.pattanshetti\AppData\Roaming\npm\node_modules\protractor\built\element.js:461:65
    at ManagedPromise.invokeCallback_ (C:\Users\sumant.pattanshetti\AppData\Roaming\npm\node_modules\protractor\node_modules\selenium-webdriver\lib\promise.js:1376:14)
    at TaskQueue.execute_ (C:\Users\sumant.pattanshetti\AppData\Roaming\npm\node_modules\protractor\node_modules\selenium-webdriver\lib\promise.js:3084:14)
    at TaskQueue.executeNext_ (C:\Users\sumant.pattanshetti\AppData\Roaming\npm\node_modules\protractor\node_modules\selenium-webdriver\lib\promise.js:3067:27)
    at C:\Users\sumant.pattanshetti\AppData\Roaming\npm\node_modules\protractor\node_modules\selenium-webdriver\lib\promise.js:2927:27Error
    at ElementArrayFinder.applyAction_ (C:\Users\sumant.pattanshetti\AppData\Roaming\npm\node_modules\protractor\built\element.js:459:27)
    at ElementArrayFinder.<computed> [as click] (C:\Users\sumant.pattanshetti\AppData\Roaming\npm\node_modules\protractor\built\element.js:91:29)
    at ElementFinder.<computed> [as click] (C:\Users\sumant.pattanshetti\AppData\Roaming\npm\node_modules\protractor\built\element.js:831:22)
    at UserContext.<anonymous> (C:\Users\sumant.pattanshetti\WebstormProjects\NG_Automation1\Tests\CreateNewFTspec.js:87:36)
    at C:\Users\sumant.pattanshetti\AppData\Roaming\npm\node_modules\protractor\node_modules\jasminewd2\index.js:112:25
    at new ManagedPromise (C:\Users\sumant.pattanshetti\AppData\Roaming\npm\node_modules\protractor\node_modules\selenium-webdriver\lib\promise.js:1077:7)
    at ControlFlow.promise (C:\Users\sumant.pattanshetti\AppData\Roaming\npm\node_modules\protractor\node_modules\selenium-webdriver\lib\promise.js:2505:12)
    at schedulerExecute (C:\Users\sumant.pattanshetti\AppData\Roaming\npm\node_modules\protractor\node_modules\jasminewd2\index.js:95:18)
    at TaskQueue.execute_ (C:\Users\sumant.pattanshetti\AppData\Roaming\npm\node_modules\protractor\node_modules\selenium-webdriver\lib\promise.js:3084:14)
    at TaskQueue.executeNext_ (C:\Users\sumant.pattanshetti\AppData\Roaming\npm\node_modules\protractor\node_modules\selenium-webdriver\lib\promise.js:3067:27)
From: Task: Run it("should Click on Create new FT Button ") in control flow
    at UserContext.<anonymous> (C:\Users\sumant.pattanshetti\AppData\Roaming\npm\node_modules\protractor\node_modules\jasminewd2\index.js:94:19)
    at attempt (C:\Users\sumant.pattanshetti\AppData\Roaming\npm\node_modules\protractor\node_modules\jasmine-core\lib\jasmine-core\jasmine.js:4297:26)
    at QueueRunner.run (C:\Users\sumant.pattanshetti\AppData\Roaming\npm\node_modules\protractor\node_modules\jasmine-core\lib\jasmine-core\jasmine.js:4217:20)
    at QueueRunner.execute (C:\Users\sumant.pattanshetti\AppData\Roaming\npm\node_modules\protractor\node_modules\jasmine-core\lib\jasmine-core\jasmine.js:4199:10)
    at Spec.queueRunnerFactory (C:\Users\sumant.pattanshetti\AppData\Roaming\npm\node_modules\protractor\node_modules\jasmine-core\lib\jasmine-core\jasmine.js:909:35)
    at Spec.execute (C:\Users\sumant.pattanshetti\AppData\Roaming\npm\node_modules\protractor\node_modules\jasmine-core\lib\jasmine-core\jasmine.js:526:10)
    at UserContext.fn (C:\Users\sumant.pattanshetti\AppData\Roaming\npm\node_modules\protractor\node_modules\jasmine-core\lib\jasmine-core\jasmine.js:5340:37)
    at attempt (C:\Users\sumant.pattanshetti\AppData\Roaming\npm\node_modules\protractor\node_modules\jasmine-core\lib\jasmine-core\jasmine.js:4297:26)
    at QueueRunner.run (C:\Users\sumant.pattanshetti\AppData\Roaming\npm\node_modules\protractor\node_modules\jasmine-core\lib\jasmine-core\jasmine.js:4217:20)
    at QueueRunner.execute (C:\Users\sumant.pattanshetti\AppData\Roaming\npm\node_modules\protractor\node_modules\jasmine-core\lib\jasmine-core\jasmine.js:4199:10)
From asynchronous test: 
Error
    at Suite.<anonymous> (C:\Users\sumant.pattanshetti\WebstormProjects\NG_Automation1\Tests\CreateNewFTspec.js:84:5)
    at addSpecsToSuite (C:\Users\sumant.pattanshetti\AppData\Roaming\npm\node_modules\protractor\node_modules\jasmine-core\lib\jasmine-core\jasmine.js:1107:25)
    at Env.describe (C:\Users\sumant.pattanshetti\AppData\Roaming\npm\node_modules\protractor\node_modules\jasmine-core\lib\jasmine-core\jasmine.js:1074:7)
    at describe (C:\Users\sumant.pattanshetti\AppData\Roaming\npm\node_modules\protractor\node_modules\jasmine-core\lib\jasmine-core\jasmine.js:4399:18)
    at Object.<anonymous> (C:\Users\sumant.pattanshetti\WebstormProjects\NG_Automation1\Tests\CreateNewFTspec.js:82:1)
    at Module._compile (internal/modules/cjs/loader.js:1151:30)
    at Object.Module._extensions..js (internal/modules/cjs/loader.js:1171:10)
    at Module.load (internal/modules/cjs/loader.js:1000:32)
    at Function.Module._load (internal/modules/cjs/loader.js:899:14)]]>
   </failure>
  </testcase>
  <testcase classname="Create FT(Multiple &amp; Text &amp; AnyValue)" name="should Enter FT name in text area" time="4.957" />
  <testcase classname="Create FT(Multiple &amp; Text &amp; AnyValue)" name="should Select Multiple Values" time="0.531" />
  <testcase classname="Create FT(Multiple &amp; Text &amp; AnyValue)" name="should Click on Ok Button" time="3.49" />
 </testsuite>
 <testsuite name="Create FT(Multiple &amp; Text &amp; AnyValue).Navigate to Task and Create FT(Single &amp; Numeric Datatype &amp; Regular Set)" timestamp="2020-02-24T17:45:13" hostname="localhost" time="20.296" errors="0" tests="12" skipped="0" disabled="0" failures="1">
  <testcase classname="Create FT(Multiple &amp; Text &amp; AnyValue).Navigate to Task and Create FT(Single &amp; Numeric Datatype &amp; Regular Set)" name="should Click on Create new FT Button " time="1.437">
   <failure type="exception" message="Failed: element click intercepted: Element &lt;button _ngcontent-c22=&quot;&quot; class=&quot;task-facts__create-button&quot; ng-reflect-permissions=&quot;FT_WRITE&quot; ng-reflect-permissions-check-strategy=&quot;all&quot; ng-reflect-disabled=&quot;false&quot;&gt;...&lt;/button&gt; is not clickable at point (275, 135). Other element would receive the click: &lt;form _ngcontent-c27=&quot;&quot; novalidate=&quot;novalidate&quot; class=&quot;ng-dirty ng-touched ng-invalid&quot;&gt;...&lt;/form&gt;
  (Session info: chrome=80.0.3987.87)
  (Driver info: chromedriver=80.0.3987.16 (320f6526c1632ad4f205ebce69b99a062ed78647-refs/branch-heads/3987@{#185}),platform=Windows NT 10.0.17763 x86_64)"><![CDATA[WebDriverError: element click intercepted: Element <button _ngcontent-c22="" class="task-facts__create-button" ng-reflect-permissions="FT_WRITE" ng-reflect-permissions-check-strategy="all" ng-reflect-disabled="false">...</button> is not clickable at point (275, 135). Other element would receive the click: <form _ngcontent-c27="" novalidate="novalidate" class="ng-dirty ng-touched ng-invalid">...</form>
  (Session info: chrome=80.0.3987.87)
  (Driver info: chromedriver=80.0.3987.16 (320f6526c1632ad4f205ebce69b99a062ed78647-refs/branch-heads/3987@{#185}),platform=Windows NT 10.0.17763 x86_64)
    at Object.checkLegacyResponse (C:\Users\sumant.pattanshetti\AppData\Roaming\npm\node_modules\protractor\node_modules\selenium-webdriver\lib\error.js:546:15)
    at parseHttpResponse (C:\Users\sumant.pattanshetti\AppData\Roaming\npm\node_modules\protractor\node_modules\selenium-webdriver\lib\http.js:509:13)
    at C:\Users\sumant.pattanshetti\AppData\Roaming\npm\node_modules\protractor\node_modules\selenium-webdriver\lib\http.js:441:30
    at processTicksAndRejections (internal/process/task_queues.js:97:5)
From: Task: WebElement.click()
    at Driver.schedule (C:\Users\sumant.pattanshetti\AppData\Roaming\npm\node_modules\protractor\node_modules\selenium-webdriver\lib\webdriver.js:807:17)
    at WebElement.schedule_ (C:\Users\sumant.pattanshetti\AppData\Roaming\npm\node_modules\protractor\node_modules\selenium-webdriver\lib\webdriver.js:2010:25)
    at WebElement.click (C:\Users\sumant.pattanshetti\AppData\Roaming\npm\node_modules\protractor\node_modules\selenium-webdriver\lib\webdriver.js:2092:17)
    at actionFn (C:\Users\sumant.pattanshetti\AppData\Roaming\npm\node_modules\protractor\built\element.js:89:44)
    at Array.map (<anonymous>)
    at C:\Users\sumant.pattanshetti\AppData\Roaming\npm\node_modules\protractor\built\element.js:461:65
    at ManagedPromise.invokeCallback_ (C:\Users\sumant.pattanshetti\AppData\Roaming\npm\node_modules\protractor\node_modules\selenium-webdriver\lib\promise.js:1376:14)
    at TaskQueue.execute_ (C:\Users\sumant.pattanshetti\AppData\Roaming\npm\node_modules\protractor\node_modules\selenium-webdriver\lib\promise.js:3084:14)
    at TaskQueue.executeNext_ (C:\Users\sumant.pattanshetti\AppData\Roaming\npm\node_modules\protractor\node_modules\selenium-webdriver\lib\promise.js:3067:27)
    at C:\Users\sumant.pattanshetti\AppData\Roaming\npm\node_modules\protractor\node_modules\selenium-webdriver\lib\promise.js:2927:27Error
    at ElementArrayFinder.applyAction_ (C:\Users\sumant.pattanshetti\AppData\Roaming\npm\node_modules\protractor\built\element.js:459:27)
    at ElementArrayFinder.<computed> [as click] (C:\Users\sumant.pattanshetti\AppData\Roaming\npm\node_modules\protractor\built\element.js:91:29)
    at ElementFinder.<computed> [as click] (C:\Users\sumant.pattanshetti\AppData\Roaming\npm\node_modules\protractor\built\element.js:831:22)
    at UserContext.<anonymous> (C:\Users\sumant.pattanshetti\WebstormProjects\NG_Automation1\Tests\CreateNewFTspec.js:136:40)
    at C:\Users\sumant.pattanshetti\AppData\Roaming\npm\node_modules\protractor\node_modules\jasminewd2\index.js:112:25
    at new ManagedPromise (C:\Users\sumant.pattanshetti\AppData\Roaming\npm\node_modules\protractor\node_modules\selenium-webdriver\lib\promise.js:1077:7)
    at ControlFlow.promise (C:\Users\sumant.pattanshetti\AppData\Roaming\npm\node_modules\protractor\node_modules\selenium-webdriver\lib\promise.js:2505:12)
    at schedulerExecute (C:\Users\sumant.pattanshetti\AppData\Roaming\npm\node_modules\protractor\node_modules\jasminewd2\index.js:95:18)
    at TaskQueue.execute_ (C:\Users\sumant.pattanshetti\AppData\Roaming\npm\node_modules\protractor\node_modules\selenium-webdriver\lib\promise.js:3084:14)
    at TaskQueue.executeNext_ (C:\Users\sumant.pattanshetti\AppData\Roaming\npm\node_modules\protractor\node_modules\selenium-webdriver\lib\promise.js:3067:27)
From: Task: Run it("should Click on Create new FT Button ") in control flow
    at UserContext.<anonymous> (C:\Users\sumant.pattanshetti\AppData\Roaming\npm\node_modules\protractor\node_modules\jasminewd2\index.js:94:19)
    at attempt (C:\Users\sumant.pattanshetti\AppData\Roaming\npm\node_modules\protractor\node_modules\jasmine-core\lib\jasmine-core\jasmine.js:4297:26)
    at QueueRunner.run (C:\Users\sumant.pattanshetti\AppData\Roaming\npm\node_modules\protractor\node_modules\jasmine-core\lib\jasmine-core\jasmine.js:4217:20)
    at QueueRunner.execute (C:\Users\sumant.pattanshetti\AppData\Roaming\npm\node_modules\protractor\node_modules\jasmine-core\lib\jasmine-core\jasmine.js:4199:10)
    at Spec.queueRunnerFactory (C:\Users\sumant.pattanshetti\AppData\Roaming\npm\node_modules\protractor\node_modules\jasmine-core\lib\jasmine-core\jasmine.js:909:35)
    at Spec.execute (C:\Users\sumant.pattanshetti\AppData\Roaming\npm\node_modules\protractor\node_modules\jasmine-core\lib\jasmine-core\jasmine.js:526:10)
    at UserContext.fn (C:\Users\sumant.pattanshetti\AppData\Roaming\npm\node_modules\protractor\node_modules\jasmine-core\lib\jasmine-core\jasmine.js:5340:37)
    at attempt (C:\Users\sumant.pattanshetti\AppData\Roaming\npm\node_modules\protractor\node_modules\jasmine-core\lib\jasmine-core\jasmine.js:4297:26)
    at QueueRunner.run (C:\Users\sumant.pattanshetti\AppData\Roaming\npm\node_modules\protractor\node_modules\jasmine-core\lib\jasmine-core\jasmine.js:4217:20)
    at QueueRunner.execute (C:\Users\sumant.pattanshetti\AppData\Roaming\npm\node_modules\protractor\node_modules\jasmine-core\lib\jasmine-core\jasmine.js:4199:10)
From asynchronous test: 
Error
    at Suite.<anonymous> (C:\Users\sumant.pattanshetti\WebstormProjects\NG_Automation1\Tests\CreateNewFTspec.js:133:9)
    at addSpecsToSuite (C:\Users\sumant.pattanshetti\AppData\Roaming\npm\node_modules\protractor\node_modules\jasmine-core\lib\jasmine-core\jasmine.js:1107:25)
    at Env.describe (C:\Users\sumant.pattanshetti\AppData\Roaming\npm\node_modules\protractor\node_modules\jasmine-core\lib\jasmine-core\jasmine.js:1074:7)
    at describe (C:\Users\sumant.pattanshetti\AppData\Roaming\npm\node_modules\protractor\node_modules\jasmine-core\lib\jasmine-core\jasmine.js:4399:18)
    at Suite.<anonymous> (C:\Users\sumant.pattanshetti\WebstormProjects\NG_Automation1\Tests\CreateNewFTspec.js:130:5)
    at addSpecsToSuite (C:\Users\sumant.pattanshetti\AppData\Roaming\npm\node_modules\protractor\node_modules\jasmine-core\lib\jasmine-core\jasmine.js:1107:25)
    at Env.describe (C:\Users\sumant.pattanshetti\AppData\Roaming\npm\node_modules\protractor\node_modules\jasmine-core\lib\jasmine-core\jasmine.js:1074:7)
    at describe (C:\Users\sumant.pattanshetti\AppData\Roaming\npm\node_modules\protractor\node_modules\jasmine-core\lib\jasmine-core\jasmine.js:4399:18)
    at Object.<anonymous> (C:\Users\sumant.pattanshetti\WebstormProjects\NG_Automation1\Tests\CreateNewFTspec.js:82:1)]]>
   </failure>
  </testcase>
  <testcase classname="Create FT(Multiple &amp; Text &amp; AnyValue).Navigate to Task and Create FT(Single &amp; Numeric Datatype &amp; Regular Set)" name="should Enter FT name in text area" time="4.962" />
  <testcase classname="Create FT(Multiple &amp; Text &amp; AnyValue).Navigate to Task and Create FT(Single &amp; Numeric Datatype &amp; Regular Set)" name="should clear the Datatype field" time="0.853" />
  <testcase classname="Create FT(Multiple &amp; Text &amp; AnyValue).Navigate to Task and Create FT(Single &amp; Numeric Datatype &amp; Regular Set)" name="should click on Datatype dropdown" time="0.748" />
  <testcase classname="Create FT(Multiple &amp; Text &amp; AnyValue).Navigate to Task and Create FT(Single &amp; Numeric Datatype &amp; Regular Set)" name="should Select DataType from list of elements" time="1.507" />
  <testcase classname="Create FT(Multiple &amp; Text &amp; AnyValue).Navigate to Task and Create FT(Single &amp; Numeric Datatype &amp; Regular Set)" name="should click on allowed values dropdown" time="2.01" />
  <testcase classname="Create FT(Multiple &amp; Text &amp; AnyValue).Navigate to Task and Create FT(Single &amp; Numeric Datatype &amp; Regular Set)" name="should Enter the Set Values " time="0.983" />
  <testcase classname="Create FT(Multiple &amp; Text &amp; AnyValue).Navigate to Task and Create FT(Single &amp; Numeric Datatype &amp; Regular Set)" name="should Enter the Set Values " time="0.992" />
  <testcase classname="Create FT(Multiple &amp; Text &amp; AnyValue).Navigate to Task and Create FT(Single &amp; Numeric Datatype &amp; Regular Set)" name="should Enter the Set Values " time="1.141" />
  <testcase classname="Create FT(Multiple &amp; Text &amp; AnyValue).Navigate to Task and Create FT(Single &amp; Numeric Datatype &amp; Regular Set)" name="should Enter the Set Values " time="1.117" />
  <testcase classname="Create FT(Multiple &amp; Text &amp; AnyValue).Navigate to Task and Create FT(Single &amp; Numeric Datatype &amp; Regular Set)" name="should Enter the Set Values " time="1.041" />
  <testcase classname="Create FT(Multiple &amp; Text &amp; AnyValue).Navigate to Task and Create FT(Single &amp; Numeric Datatype &amp; Regular Set)" name="should Click on Ok Button" time="3.503" />
 </testsuite>
</testsuites>